<?xml version="1.0" encoding="UTF-8"?>
<coverage generated="1627937654127" clover="3.2.0">
  <project timestamp="1627937654127" name="All files">
    <metrics statements="34" coveredstatements="30" conditionals="4" coveredconditionals="4" methods="12" coveredmethods="10" elements="50" coveredelements="44" complexity="0" loc="34" ncloc="34" packages="1" files="3" classes="3"/>
    <file name="Cart.js" path="/Users/mboev/Desktop/tddLab2/tdd-lab-2-mboeving1/src/js/Cart.js">
      <metrics statements="13" coveredstatements="9" conditionals="0" coveredconditionals="0" methods="8" coveredmethods="6"/>
      <line num="5" count="3" type="stmt"/>
      <line num="9" count="5" type="stmt"/>
      <line num="13" count="2" type="stmt"/>
      <line num="17" count="2" type="stmt"/>
      <line num="18" count="2" type="stmt"/>
      <line num="19" count="7" type="stmt"/>
      <line num="21" count="2" type="stmt"/>
      <line num="25" count="0" type="stmt"/>
      <line num="26" count="0" type="stmt"/>
      <line num="27" count="0" type="stmt"/>
      <line num="29" count="0" type="stmt"/>
      <line num="33" count="1" type="stmt"/>
      <line num="39" count="1" type="stmt"/>
    </file>
    <file name="Product.js" path="/Users/mboev/Desktop/tddLab2/tdd-lab-2-mboeving1/src/js/Product.js">
      <metrics statements="7" coveredstatements="7" conditionals="2" coveredconditionals="2" methods="2" coveredmethods="2"/>
      <line num="3" count="11" type="stmt"/>
      <line num="4" count="11" type="stmt"/>
      <line num="5" count="11" type="stmt"/>
      <line num="8" count="4" type="cond" truecount="2" falsecount="0"/>
      <line num="9" count="2" type="stmt"/>
      <line num="11" count="2" type="stmt"/>
      <line num="18" count="2" type="stmt"/>
    </file>
    <file name="money-functions.js" path="/Users/mboev/Desktop/tddLab2/tdd-lab-2-mboeving1/src/js/money-functions.js">
      <metrics statements="14" coveredstatements="14" conditionals="2" coveredconditionals="2" methods="2" coveredmethods="2"/>
      <line num="1" count="1" type="stmt"/>
      <line num="2" count="8" type="stmt"/>
      <line num="3" count="8" type="cond" truecount="2" falsecount="0"/>
      <line num="7" count="1" type="stmt"/>
      <line num="8" count="4" type="stmt"/>
      <line num="9" count="4" type="stmt"/>
      <line num="10" count="4" type="stmt"/>
      <line num="11" count="4" type="stmt"/>
      <line num="12" count="4" type="stmt"/>
      <line num="13" count="4" type="stmt"/>
      <line num="14" count="4" type="stmt"/>
      <line num="15" count="4" type="stmt"/>
      <line num="17" count="4" type="stmt"/>
      <line num="25" count="1" type="stmt"/>
    </file>
  </project>
</coverage>
