TN:
SF:/Users/mboev/Desktop/tddLab2/tdd-lab-2-mboeving1/src/js/Cart.js
FN:4,(anonymous_0)
FN:8,(anonymous_1)
FN:12,(anonymous_2)
FN:16,(anonymous_3)
FN:18,(anonymous_4)
FN:24,(anonymous_5)
FN:26,(anonymous_6)
FN:32,(anonymous_7)
FNF:8
FNH:6
FNDA:3,(anonymous_0)
FNDA:5,(anonymous_1)
FNDA:2,(anonymous_2)
FNDA:2,(anonymous_3)
FNDA:7,(anonymous_4)
FNDA:0,(anonymous_5)
FNDA:0,(anonymous_6)
FNDA:1,(anonymous_7)
DA:5,3
DA:9,5
DA:13,2
DA:17,2
DA:18,2
DA:19,7
DA:21,2
DA:25,0
DA:26,0
DA:27,0
DA:29,0
DA:33,1
DA:39,1
LF:13
LH:9
BRF:0
BRH:0
end_of_record
TN:
SF:/Users/mboev/Desktop/tddLab2/tdd-lab-2-mboeving1/src/js/Product.js
FN:2,(anonymous_0)
FN:7,(anonymous_1)
FNF:2
FNH:2
FNDA:11,(anonymous_0)
FNDA:4,(anonymous_1)
DA:3,11
DA:4,11
DA:5,11
DA:8,4
DA:9,2
DA:11,2
DA:18,2
LF:7
LH:7
BRDA:8,0,0,2
BRDA:8,0,1,2
BRF:2
BRH:2
end_of_record
TN:
SF:/Users/mboev/Desktop/tddLab2/tdd-lab-2-mboeving1/src/js/money-functions.js
FN:1,(anonymous_0)
FN:7,(anonymous_1)
FNF:2
FNH:2
FNDA:8,(anonymous_0)
FNDA:4,(anonymous_1)
DA:1,1
DA:2,8
DA:3,8
DA:7,1
DA:8,4
DA:9,4
DA:10,4
DA:11,4
DA:12,4
DA:13,4
DA:14,4
DA:15,4
DA:17,4
DA:25,1
LF:14
LH:14
BRDA:3,0,0,5
BRDA:3,0,1,3
BRF:2
BRH:2
end_of_record
